<?xml version="1.0" encoding="UTF-8"?>
<!-- Generated by org.testng.reporters.JUnitXMLReporter -->
<testsuite ignored="0" hostname="LAPTOP-VHB53090" failures="1" tests="4" name="personalloan" time="0.061" errors="0" timestamp="2022-03-29T14:50:24 BST">
  <testcase classname="LearnTest.Demo" name="print" time="0.007">
    <failure type="java.lang.AssertionError" message="expected [true] but found [false]">
      <![CDATA[java.lang.AssertionError: expected [true] but found [false]
at LearnTest.Demo.print(Demo.java:55)
at java.base/java.util.ArrayList.forEach(ArrayList.java:1511)
... Removed 31 stack frames]]>
    </failure>
  </testcase> <!-- print -->
  <testcase classname="LearnTest.Demo" name="print1" time="0.001"/>
  <testcase classname="LearnTest.Demo1" name="parametersetup" time="0.001"/>
  <testcase classname="LearnTest.Demo1" name="print" time="0.001"/>
</testsuite> <!-- personalloan -->
